2025-10-31 10:29:45,266 INFO o.a.j.u.JMeterUtils: Setting Locale to zh_CN
2025-10-31 10:29:45,275 INFO o.a.j.JMeter: Loading user properties from: /Users/00565725/Downloads/apache-jmeter-5.6.3/bin/user.properties
2025-10-31 10:29:45,275 INFO o.a.j.JMeter: Loading system properties from: /Users/00565725/Downloads/apache-jmeter-5.6.3/bin/system.properties
2025-10-31 10:29:45,276 INFO o.a.j.JMeter: Copyright (c) 1998-2024 The Apache Software Foundation
2025-10-31 10:29:45,277 INFO o.a.j.JMeter: Version 5.6.3
2025-10-31 10:29:45,277 INFO o.a.j.JMeter: java.version=21.0.8
2025-10-31 10:29:45,277 INFO o.a.j.JMeter: java.vm.name=Java HotSpot(TM) 64-Bit Server VM
2025-10-31 10:29:45,277 INFO o.a.j.JMeter: os.name=Mac OS X
2025-10-31 10:29:45,277 INFO o.a.j.JMeter: os.arch=aarch64
2025-10-31 10:29:45,277 INFO o.a.j.JMeter: os.version=15.5
2025-10-31 10:29:45,277 INFO o.a.j.JMeter: file.encoding=UTF-8
2025-10-31 10:29:45,277 INFO o.a.j.JMeter: java.awt.headless=null
2025-10-31 10:29:45,277 INFO o.a.j.JMeter: Max memory     =1073741824
2025-10-31 10:29:45,277 INFO o.a.j.JMeter: Available Processors =10
2025-10-31 10:29:45,280 INFO o.a.j.JMeter: Default Locale=English (EN)
2025-10-31 10:29:45,280 INFO o.a.j.JMeter: JMeter  Locale=Chinese (China)
2025-10-31 10:29:45,280 INFO o.a.j.JMeter: JMeterHome=/Users/00565725/Downloads/apache-jmeter-5.6.3
2025-10-31 10:29:45,280 INFO o.a.j.JMeter: user.dir  =/Users/00565725/Downloads/test/jmeter_test
2025-10-31 10:29:45,280 INFO o.a.j.JMeter: PWD       =/Users/00565725/Downloads/test/jmeter_test
2025-10-31 10:29:45,282 INFO o.a.j.JMeter: IP: 10.0.23.25 Name: SHQNB00005209.want-want.com FullName: shqnb00005209.want-want.com
